{
  "numFailedTestSuites": 0,
  "numFailedTests": 0,
  "numPassedTestSuites": 1,
  "numPassedTests": 3,
  "numPendingTestSuites": 0,
  "numPendingTests": 0,
  "numRuntimeErrorTestSuites": 0,
  "numTodoTests": 0,
  "numTotalTestSuites": 1,
  "numTotalTests": 3,
  "openHandles": [],
  "snapshot": {
    "added": 0,
    "didUpdate": false,
    "failure": false,
    "filesAdded": 0,
    "filesRemoved": 0,
    "filesRemovedList": [],
    "filesUnmatched": 0,
    "filesUpdated": 0,
    "matched": 0,
    "total": 0,
    "unchecked": 0,
    "uncheckedKeysByFile": [],
    "unmatched": 0,
    "updated": 0
  },
  "startTime": 1613657530443,
  "success": false,
  "testResults": [
    {
      "leaks": false,
      "numFailingTests": 0,
      "numPassingTests": 3,
      "numPendingTests": 0,
      "numTodoTests": 0,
      "openHandles": [],
      "perfStats": {
        "end": 1613657534580,
        "runtime": 2493,
        "slow": false,
        "start": 1613657532087
      },
      "skipped": false,
      "snapshot": {
        "added": 0,
        "fileDeleted": false,
        "matched": 0,
        "unchecked": 0,
        "unmatched": 0,
        "updated": 0,
        "uncheckedKeys": []
      },
      "testFilePath": "E:\\JestAutomation\\jest-supertest\\__test__\\Cap_GetPostRequest.test.js",
      "testResults": [
        {
          "ancestorTitles": [
            "GET and POST request"
          ],
          "duration": 662,
          "failureDetails": [],
          "failureMessages": [],
          "fullName": "GET and POST request Post the request",
          "location": null,
          "numPassingAsserts": 0,
          "status": "passed",
          "title": "Post the request"
        },
        {
          "ancestorTitles": [
            "GET and POST request"
          ],
          "duration": 187,
          "failureDetails": [],
          "failureMessages": [],
          "fullName": "GET and POST request Get the request",
          "location": null,
          "numPassingAsserts": 0,
          "status": "passed",
          "title": "Get the request"
        },
        {
          "ancestorTitles": [
            "GET and POST request"
          ],
          "duration": 138,
          "failureDetails": [],
          "failureMessages": [],
          "fullName": "GET and POST request Validate Sender name of first response",
          "location": null,
          "numPassingAsserts": 0,
          "status": "passed",
          "title": "Validate Sender name of first response"
        }
      ],
      "failureMessage": null
    }
  ],
  "wasInterrupted": false,
  "coverageMap": {
    "E:\\JestAutomation\\jest-supertest\\axios.js": {
      "path": "E:\\JestAutomation\\jest-supertest\\axios.js",
      "statementMap": {
        "0": {
          "start": {
            "line": 1,
            "column": 14
          },
          "end": {
            "line": 1,
            "column": 30
          }
        },
        "1": {
          "start": {
            "line": 3,
            "column": 22
          },
          "end": {
            "line": 5,
            "column": 2
          }
        },
        "2": {
          "start": {
            "line": 7,
            "column": 0
          },
          "end": {
            "line": 7,
            "column": 31
          }
        }
      },
      "fnMap": {},
      "branchMap": {},
      "s": {
        "0": 1,
        "1": 1,
        "2": 1
      },
      "f": {},
      "b": {},
      "_coverageSchema": "1a1c01bbd47fc00a2c39e90264f33305004495a9",
      "hash": "783d2d98d7537b1215bbfdca951f195b31b9eab7"
    }
  }
}